<?xml version="1.0" encoding="UTF-8"?>
<databaseChangeLog xmlns:xsi="http://www.w3.org/2001/XMLSchema-instance"
                   xmlns="http://www.liquibase.org/xml/ns/dbchangelog"
                   xmlns:neo4j="http://www.liquibase.org/xml/ns/dbchangelog-ext"
                   xsi:schemaLocation="http://www.liquibase.org/xml/ns/dbchangelog http://www.liquibase.org/xml/ns/dbchangelog/dbchangelog-latest.xsd">
    <!--comment>
        <model id="i" name="idk">
            <field></field>
        </model>
    </comment-->

    <changeSet id="1my-drink3" author="orthos">
        <neo4j:cypher>CREATE (:Drink {name: 'Gin', type: 'Strong'})</neo4j:cypher>
    </changeSet>
</databaseChangeLog>

<model id="i" name="idk">
        <field></field>
</model>